/ads.txt	 Solicitado 1 Veces 
/?author=10	 Solicitado 1 Veces 
/?author=11	 Solicitado 1 Veces 
/?author=12	 Solicitado 1 Veces 
/?author=13	 Solicitado 1 Veces 
/?author=14	 Solicitado 1 Veces 
/?author=15	 Solicitado 1 Veces 
/?author=16	 Solicitado 1 Veces 
/?author=17	 Solicitado 1 Veces 
/?author=18	 Solicitado 1 Veces 
/?author=19	 Solicitado 1 Veces 
/?author=20	 Solicitado 1 Veces 
/?author=3	 Solicitado 1 Veces 
/?author=4	 Solicitado 1 Veces 
/?author=5	 Solicitado 1 Veces 
/?author=6	 Solicitado 1 Veces 
/?author=7	 Solicitado 1 Veces 
/?author=8	 Solicitado 1 Veces 
/?author=9	 Solicitado 1 Veces 
/curso/ci-1101	 Solicitado 1 Veces 
/cursos/ci-0113	 Solicitado 1 Veces 
/cursos/ci-0119	 Solicitado 1 Veces 
/cursos/ci-0122	 Solicitado 1 Veces 
/cursos/ci-0125	 Solicitado 1 Veces 
/cursos/ci-0126	 Solicitado 1 Veces 
/cursos/ci-0131	 Solicitado 1 Veces 
/cursos/ci-0139	 Solicitado 1 Veces 
/cursos/ci-0141	 Solicitado 1 Veces 
/cursos/ci-0146	 Solicitado 1 Veces 
/cursos/ci-0147	 Solicitado 1 Veces 
/cursos/ci-0157	 Solicitado 1 Veces 
/cursos/ci-0160	 Solicitado 1 Veces 
/cursos/servicio	 Solicitado 1 Veces 
/evento/agenda-charlas-industria-semana-universitaria	 Solicitado 1 Veces 
/evento/costa-rica-hpc-school-2020	 Solicitado 1 Veces 
/evento/examen-de-diagn%C3%B3stico-de-matem%C3%A1tica	 Solicitado 1 Veces 
/evento/matr%C3%ADcula-ii-ciclo-2019	 Solicitado 1 Veces 
/evento/sesi%C3%B3n-de-orientaci%C3%B3n-para-escoger-%C3%A9nfasis-ii-2019	 Solicitado 1 Veces 
/graduacion_licenciatura	 Solicitado 1 Veces 
/matricula-tcu	 Solicitado 1 Veces 
/node/159	 Solicitado 1 Veces 
/node/214	 Solicitado 1 Veces 
/node/237	 Solicitado 1 Veces 
/node/244	 Solicitado 1 Veces 
/node/255	 Solicitado 1 Veces 
/node/278	 Solicitado 1 Veces 
/node/295	 Solicitado 1 Veces 
/node/321	 Solicitado 1 Veces 
/node/335	 Solicitado 1 Veces 
/node/337	 Solicitado 1 Veces 
/node/344	 Solicitado 1 Veces 
/node/349	 Solicitado 1 Veces 
/node/352	 Solicitado 1 Veces 
/node/355	 Solicitado 1 Veces 
/node/362	 Solicitado 1 Veces 
/node/365	 Solicitado 1 Veces 
/node/389	 Solicitado 1 Veces 
/node/393	 Solicitado 1 Veces 
/node/400	 Solicitado 1 Veces 
/node/416	 Solicitado 1 Veces 
/node/439	 Solicitado 1 Veces 
/node/533	 Solicitado 1 Veces 
/node/552	 Solicitado 1 Veces 
/node/554	 Solicitado 1 Veces 
/node/612	 Solicitado 1 Veces 
/node/619	 Solicitado 1 Veces 
/node?page=3	 Solicitado 1 Veces 
/node?page=6	 Solicitado 1 Veces 
/noticia/actividades-e-informaci%C3%B3n-sobre-el-%C3%A9nfasis-de-ciencias-de-la-computaci%C3%B3n	 Solicitado 1 Veces 
/noticia/actualizaci%C3%B3n-de-beca-socioecon%C3%B3mica-estudiantes-ecci-2019	 Solicitado 1 Veces 
/noticia/atenci%C3%B3n-estudiantes-de-primer-ingreso-ecci-carrera-bach-en-computaci%C3%B3n-con-varios-%C3%A9nfasis	 Solicitado 1 Veces 
/noticia/campa%C3%B1a-ucr-libre-de-pl%C3%A1stico	 Solicitado 1 Veces 
/noticia/capacitaci%C3%B3n-en-seguridad-digital-de-la-oea-en-la-ecci	 Solicitado 1 Veces 
/noticia/charla-de-bienvenida-estudiantes-de-traslado-2019	 Solicitado 1 Veces 
/noticia/charla-dependency-injection	 Solicitado 1 Veces 
/noticia/charla-%E2%80%9Ctoolbox-de-un-game-devolper%E2%80%9D	 Solicitado 1 Veces 
/noticia/charla-seguridad-inform%C3%A1tica-un-trabajo-de-todos-de-la-industria	 Solicitado 1 Veces 
/noticia/conversatorio-mujeres-innovadoras-abriendo-puertas-e-impulsando-el-desarrollo-tecnol%C3%B3gico-en	 Solicitado 1 Veces 
/noticia/estudiante-ecci-seleccionado-para-colaborar-en-proyecto-en-ginebra-suiza	 Solicitado 1 Veces 
/noticia/estudiante-josu%C3%A9-le%C3%B3n-sarkis	 Solicitado 1 Veces 
/noticia/feria-empleo	 Solicitado 1 Veces 
/noticia/graduaci%C3%B3n-ordinaria-de-octubre-2018	 Solicitado 1 Veces 
/noticia/horario-temporal-de-recepci%C3%B3n-de-la-secretar%C3%ADa-de-la-ecci-y-de-consultas-generales-de-0	 Solicitado 1 Veces 
/noticia/invitaci%C3%B3n-al-panel-tecnolog%C3%ADa-e-innovacion	 Solicitado 1 Veces 
/noticia/invitaci%C3%B3n-charla-0	 Solicitado 1 Veces 
/noticia/mejores-promedios-2018	 Solicitado 1 Veces 
/noticia/noticia-camtic-presentaci%C3%B3n-del-libro-de-la-prof-marta-calder%C3%B3n	 Solicitado 1 Veces 
/noticia/oportunidades-ecci-partieron-hacia-china-estudiantes-de-la-ecci-como-parte-del-programa	 Solicitado 1 Veces 
/noticia/proyecto-enjambres-de-robots-de-los-cursos-ci2400-y-ci2657	 Solicitado 1 Veces 
/noticia/reingreso-y-traslado-al-nuevo-plan-ii-ciclo-2019-3doble-carrera	 Solicitado 1 Veces 
/noticia/resultados-de-ingreso-al-%C3%A9nfasis-2019	 Solicitado 1 Veces 
/noticia/segunda-ronda-de-asistencias	 Solicitado 1 Veces 
/noticia/segundo-conversatorio	 Solicitado 1 Veces 
/noticias?page=10	 Solicitado 1 Veces 
/noticias?page=12	 Solicitado 1 Veces 
/noticias?page=2	 Solicitado 1 Veces 
/noticias?page=4	 Solicitado 1 Veces 
/noticias?page=7	 Solicitado 1 Veces 
/noticias?page=9	 Solicitado 1 Veces 
/noticia/traslado-al-nuevo-plan-periodo-extraordinario-hasta-viernes-29-junio	 Solicitado 1 Veces 
/perfil-del-tronco-com%C3%BAn-los-%C3%A9nfasis	 Solicitado 1 Veces 
/pregrado_convenios	 Solicitado 1 Veces 
/programa-de-curso/%C3%A1lgebra-lineal-para-computaci%C3%B3n	 Solicitado 1 Veces 
/?q=admin/coffee/menu	 Solicitado 1 Veces 
/quienes-somos/organizacion/coordinaciones-academicas	 Solicitado 1 Veces 
/?ref=hexometer	 Solicitado 1 Veces 
/rss.xml	 Solicitado 1 Veces 
/sites/all/modules/jquery_update/replace/jquery/1.10/jquery.min.js	 Solicitado 1 Veces 
/sites/all/themes/ecci_bootstrap/img/logos/logo_texto_universidad_de_Costa_Rica.png	 Solicitado 1 Veces 
/sites/all/themes/ecci_bootstrap/vendor/font-awesome/fonts/fontawesome-webfont.ttf?v=4.6.3	 Solicitado 1 Veces 
/sites/all/themes/ecci_bootstrap/vendor/font-awesome/fonts/fontawesome-webfont.woff?v=4.6.3	 Solicitado 1 Veces 
/sites/default/files/banner_dima.png	 Solicitado 1 Veces 
/sites/default/files/Bienvenidos%20a%20LA%20UCR%21v1.1.pdf	 Solicitado 1 Veces 
/sites/default/files/brochure_contactos.pdf	 Solicitado 1 Veces 
/sites/default/files/css/css_9HCpZ_6S6saMilWVIxlOfU8wZwDND0Y-snslH34la14.css	 Solicitado 1 Veces 
/sites/default/files/css/css_ELmcO-SUfe-g-9gm4hue-YfSPtxQiKLRa1nUoQC94o4.css	 Solicitado 1 Veces 
/sites/default/files/css/css_HZIAp6duA_goAqaDlo6HCsXnqqg1qUOChTZiGpwp6lY.css	 Solicitado 1 Veces 
/sites/default/files/descripcioncursonosql.pdf	 Solicitado 1 Veces 
/sites/default/files/ecci.7z	 Solicitado 1 Veces 
/sites/default/files/enfasis_en_ciencias_de_la_computacion_1.pdf	 Solicitado 1 Veces 
/sites/default/files/formulario_de_convalidaciones_2018_0.pdf	 Solicitado 1 Veces 
/sites/default/files/formulario_de_convalidaciones_2018.pdf	 Solicitado 1 Veces 
/sites/default/files/formulario_de_solicitud_seeds_of_the_future_v_4.pdf	 Solicitado 1 Veces 
/sites/default/files/Horarios%20provisionales%20ECCI%201-2018%20V6%2008%20MARZO%20MZC.pdf	 Solicitado 1 Veces 
/sites/default/files/horarios_definitvos_pagina_web.pdf	 Solicitado 1 Veces 
/sites/default/files/horarios_provisionales_1-2020_mzc_version_3.pdf	 Solicitado 1 Veces 
/sites/default/files/horarios_provisionales_verano_3-_2019_0.pdf	 Solicitado 1 Veces 
/sites/default/files/horarios_provisionales_version_6_ecci_1-2019_mzc_mcv.pdf	 Solicitado 1 Veces 
/sites/default/files/invitacion_charla_dra._delgado.pdf	 Solicitado 1 Veces 
/sites/default/files/invitacion_feriacientifica_i2018.pdf	 Solicitado 1 Veces 
/sites/default/files/jobs/agenda_de_actividades_de_los_enfasis_de_iti_y_cc_1.xlsx	 Solicitado 1 Veces 
/sites/default/files/js/js_FbpwIZNwgzwEuuL4Q2HOM07BOSCY5LxL_gwSK4ohQBM.js	 Solicitado 1 Veces 
/sites/default/files/js/js_wvluAAdWbThy805f9cktPYb90KgvON0xRtZSeC_pIqE.js	 Solicitado 1 Veces 
/sites/default/files/js/js_xvYJgU6LChHqbcSh4y1AvdXfD5QBIwT3GVGVUeuksbM.js	 Solicitado 1 Veces 
/sites/default/files/Licenciatura%2BComputaci%C3%B3n%2Be%2BInform%C3%A1tica%2By%2BElectivas.pdf	 Solicitado 1 Veces 
/sites/default/files/Lista%20de%20Graduandos.%20Juramentaci%C3%B3n%20Ordinaria.%20Abril%202018_1.pdf	 Solicitado 1 Veces 
/sites/default/files/lista_de_graduados_ecci.pdf	 Solicitado 1 Veces 
/sites/default/files/ma-0291.pdf	 Solicitado 1 Veces 
/sites/default/files/ma-0292.pdf	 Solicitado 1 Veces 
/sites/default/files/ma-0294.pdf	 Solicitado 1 Veces 
/sites/default/files/noticias/12.png	 Solicitado 1 Veces 
/sites/default/files/noticias/concurso_estudiantil_para_curso_de_ciberseguridad_en_la_oea.png	 Solicitado 1 Veces 
/sites/default/files/noticias/contrasena_plataforma_educativa_i2020.png	 Solicitado 1 Veces 
/sites/default/files/noticias/inclusiones_por_casos_especiales.png	 Solicitado 1 Veces 
/sites/default/files/noticias/tfg_curso_ms.png	 Solicitado 1 Veces 
/sites/default/files/obas-412-2019_0001.pdf	 Solicitado 1 Veces 
/sites/default/files/oracle_academy_virtual_student_day.pdf	 Solicitado 1 Veces 
/sites/default/files/perfil_de_salida_ingenieria_de_software.jpg	 Solicitado 1 Veces 
/sites/default/files/plan_de_estudios_bach._en_computacion_con_varios_enfasis_0.pdf	 Solicitado 1 Veces 
/sites/default/files/plan_de_estudios_bachillerato_en_computacion_con_enfasis_0.pdf	 Solicitado 1 Veces 
/sites/default/files/presentacion_enfasis_iti.pdf	 Solicitado 1 Veces 
/sites/default/files/Pruebas%20de%20software%20en%20el%20contexto%20de%20DevOps%20y%20%20%20%20%20%20Metodolog%C3%ADas%20de%20Desarrollo%20%C3%81gil_0.pdf	 Solicitado 1 Veces 
/sites/default/files/publicacion_horarios_v2_mz_30jul_2-2018_0.pdf	 Solicitado 1 Veces 
/sites/default/files/que_estudiamos_en_iti_0.pdf	 Solicitado 1 Veces 
/sites/default/files/styles/noticia_en_lista/public/noticias/charla_ecci.jpg?itok=A9efhy3Q	 Solicitado 1 Veces 
/sites/default/files/styles/noticia_en_lista/public/noticias/chicasecci_wie_campamento.jpg?itok=mVqp5552	 Solicitado 1 Veces 
/sites/default/files/styles/noticia_en_lista/public/noticias/guia_de_orientacion_enfasis.png?itok=bgj9AGMz	 Solicitado 1 Veces 
/sites/default/files/styles/noticia_en_lista/public/noticias/P1050408.JPG?itok=rl4eSSOR	 Solicitado 1 Veces 
/sites/default/files/styles/noticia_en_lista/public/noticias/tfiasv2.jpg?itok=R-U_2dLd	 Solicitado 1 Veces 
/sites/default/files/Transitorio.jpg	 Solicitado 1 Veces 
/sites/default/files/traslado_extemporaneo_al_plan_420705_0.pdf	 Solicitado 1 Veces 
/sites/default/files/tronco_comun.pdf	 Solicitado 1 Veces 
/sites/default/files/version_3_mz_pag_ecci.pdf	 Solicitado 1 Veces 
/sites/default/files/version-4-mz-pag-ecci.pdf	 Solicitado 1 Veces 
/sites/default/files/vive-5-2019.pdf	 Solicitado 1 Veces 
/taxonomy/term/91/feed	 Solicitado 1 Veces 
/taxonomy/term/97	 Solicitado 1 Veces 
/user/login?destination=node/257%23comment-form	 Solicitado 1 Veces 
/user/login?destination=node%2F159%23comment-form	 Solicitado 1 Veces 
/user/login?destination=node%2F163%23comment-form	 Solicitado 1 Veces 
/user/login?destination=node%2F393%23comment-form	 Solicitado 1 Veces 
/user/login?destination=node%2F517%23comment-form	 Solicitado 1 Veces 
/user/login?destination=node%2F533%23comment-form	 Solicitado 1 Veces 
/user/login?destination=node%2F615%23comment-form	 Solicitado 1 Veces 
/user/login?destination=node%2F659%23comment-form	 Solicitado 1 Veces 
/user/login?destination=node%2F680%23comment-form	 Solicitado 1 Veces 
/user/login?destination=node%2F729%23comment-form	 Solicitado 1 Veces 
/user/login?destination=node%2F753%23comment-form	 Solicitado 1 Veces 
/user/login?destination=node%2F769%23comment-form	 Solicitado 1 Veces 
/user/login?destination=node%2F783%23comment-form	 Solicitado 1 Veces 
/user/login?destination=node%2F9215%23comment-form	 Solicitado 1 Veces 
/user/login?destination=node%2F9240%23comment-form	 Solicitado 1 Veces 
/user/login?destination=node%2F9241%23comment-form	 Solicitado 1 Veces 
/user/login?destination=node%2F9325%23comment-form	 Solicitado 1 Veces 
/user/login?destination=node%2F9425%23comment-form	 Solicitado 1 Veces 
/user/login?destination=node%2F9432%23comment-form	 Solicitado 1 Veces 
/user/login?destination=node%2F9543%23comment-form	 Solicitado 1 Veces 
/user/login?destination=node%2F9566%23comment-form	 Solicitado 1 Veces 
/user/login?destination=node%2F9578%23comment-form	 Solicitado 1 Veces 
/user/login?destination=node%2F9606%23comment-form	 Solicitado 1 Veces 
/user/login?destination=node%2F9621%23comment-form	 Solicitado 1 Veces 
/user/login?destination=node%2F9636%23comment-form	 Solicitado 1 Veces 
/user/login?destination=node%2F9653%23comment-form	 Solicitado 1 Veces 
/user/login?destination=node%2F9692%23comment-form	 Solicitado 1 Veces 
/user/login?destination=node%2F9695%23comment-form	 Solicitado 1 Veces 
/user/login?destination=node/335%23comment-form	 Solicitado 1 Veces 
/user/login?destination=node/368%23comment-form	 Solicitado 1 Veces 
/user/login?destination=node/412%23comment-form	 Solicitado 1 Veces 
/user/login?destination=node/9307%23comment-form	 Solicitado 1 Veces 
/user-oferente	 Solicitado 1 Veces 
/user/register?destination=node%2F158%23comment-form	 Solicitado 1 Veces 
/user/register?destination=node%2F161%23comment-form	 Solicitado 1 Veces 
/user/register?destination=node%2F227%23comment-form	 Solicitado 1 Veces 
/user/register?destination=node%2F540%23comment-form	 Solicitado 1 Veces 
/user/register?destination=node%2F649%23comment-form	 Solicitado 1 Veces 
/user/register?destination=node%2F655%23comment-form	 Solicitado 1 Veces 
/user/register?destination=node%2F698%23comment-form	 Solicitado 1 Veces 
/user/register?destination=node%2F753%23comment-form	 Solicitado 1 Veces 
/user/register?destination=node%2F758%23comment-form	 Solicitado 1 Veces 
/user/register?destination=node%2F769%23comment-form	 Solicitado 1 Veces 
/user/register?destination=node%2F788%23comment-form	 Solicitado 1 Veces 
/user/register?destination=node%2F9299%23comment-form	 Solicitado 1 Veces 
/user/register?destination=node%2F9325%23comment-form	 Solicitado 1 Veces 
/user/register?destination=node%2F9359%23comment-form	 Solicitado 1 Veces 
/user/register?destination=node%2F9408%23comment-form	 Solicitado 1 Veces 
/user/register?destination=node%2F9425%23comment-form	 Solicitado 1 Veces 
/user/register?destination=node%2F9522%23comment-form	 Solicitado 1 Veces 
/user/register?destination=node%2F9529%23comment-form	 Solicitado 1 Veces 
/user/register?destination=node%2F9530%23comment-form	 Solicitado 1 Veces 
/user/register?destination=node%2F9543%23comment-form	 Solicitado 1 Veces 
/user/register?destination=node%2F9563%23comment-form	 Solicitado 1 Veces 
/user/register?destination=node%2F9572%23comment-form	 Solicitado 1 Veces 
/user/register?destination=node%2F9578%23comment-form	 Solicitado 1 Veces 
/user/register?destination=node%2F9596%23comment-form	 Solicitado 1 Veces 
/user/register?destination=node%2F9602%23comment-form	 Solicitado 1 Veces 
/user/register?destination=node%2F9621%23comment-form	 Solicitado 1 Veces 
/user/register?destination=node%2F9677%23comment-form	 Solicitado 1 Veces 
/user/register?destination=node%2F9699%23comment-form	 Solicitado 1 Veces 
/user/register?destination=node/396%23comment-form	 Solicitado 1 Veces 
/user/register?destination=node/533%23comment-form	 Solicitado 1 Veces 
/user/register?destination=node/659%23comment-form	 Solicitado 1 Veces 
/user/register?destination=node/9299%23comment-form	 Solicitado 1 Veces 
/vida-estudiantil/estudiar-en-la-ecci/escogencia-de-%C3%A9nfasis	 Solicitado 1 Veces 
/vida-estudiantil/tr%C3%A1mites-estudiantiles/tr%C3%A1mites-del-plan-de-estudio-que-finaliza-en-el-2021/defensa	 Solicitado 1 Veces 
/.well-known/assetlinks.json	 Solicitado 1 Veces 
/wp-login.php	 Solicitado 1 Veces 
/?author=2	 Solicitado 2 Veces 
/carrera-acreditada	 Solicitado 2 Veces 
/cursos/ci-0137	 Solicitado 2 Veces 
/cursos/ci-0144	 Solicitado 2 Veces 
/cursos/ci-0148	 Solicitado 2 Veces 
/cursos/ci-0154	 Solicitado 2 Veces 
/escuela/directorio-de-docentes-ecci	 Solicitado 2 Veces 
/evento/fechas-importantes-de-matr%C3%ADcula	 Solicitado 2 Veces 
/node/102?size=thumbnail	 Solicitado 2 Veces 
/node/124	 Solicitado 2 Veces 
/node/158	 Solicitado 2 Veces 
/node/249	 Solicitado 2 Veces 
/node/264	 Solicitado 2 Veces 
/node/354	 Solicitado 2 Veces 
/node/358	 Solicitado 2 Veces 
/node/368	 Solicitado 2 Veces 
/node/369	 Solicitado 2 Veces 
/node/406	 Solicitado 2 Veces 
/node/481	 Solicitado 2 Veces 
/noticia/charla-introductoria-sobre-hpe-rd	 Solicitado 2 Veces 
/noticia/charla-propiedad-intelectual	 Solicitado 2 Veces 
/noticia/curso-ci-0139-administraci%C3%B3n-de-proyectos	 Solicitado 2 Veces 
/noticia/curso-de-pensamiento-computacional-para-estudiantes-de-colegio	 Solicitado 2 Veces 
/noticia/game-jam-cidev-unam	 Solicitado 2 Veces 
/noticia/ingreso-maestr%C3%ADa-y-doctorado	 Solicitado 2 Veces 
/noticia/matr%C3%ADcula-de-verano-iii-ciclo-2019	 Solicitado 2 Veces 
/noticia/resultados-de-asistencias-2da-ronda	 Solicitado 2 Veces 
/noticias?page=8	 Solicitado 2 Veces 
/programa-de-curso/c%C3%A1lculo-para-computaci%C3%B3n-i	 Solicitado 2 Veces 
/quehacer-docente/directorio-administrativo	 Solicitado 2 Veces 
/quienes-somos/organizacion/comisiones-permanentes	 Solicitado 2 Veces 
/sitemap	 Solicitado 2 Veces 
/sites/all/libraries/ckeditor/plugins/smiley/images/sad_smile.png	 Solicitado 2 Veces 
/sites/default/files/css/css_CRDNsbbqSrCn8wHTKM98RrJMMxKs3pIX9UcC6D77ECU.css	 Solicitado 2 Veces 
/sites/default/files/enfasis_en_ingenieria_de_tecnologias_de_la_informacion_1.pdf	 Solicitado 2 Veces 
/sites/default/files/js/js_opNybNfnJO8oxEaEA8-14FeDTUPbedWuxnZbDNbgQ2g.js	 Solicitado 2 Veces 
/tr%C3%A1mites-estudiantiles/licenciatura-en-computaci%C3%B3n-e-inform%C3%A1tica-c%C3%B3digo-420703-y-420704	 Solicitado 2 Veces 
/user/login?destination=node%2F592%23comment-form	 Solicitado 2 Veces 
/user/login?destination=node%2F612%23comment-form	 Solicitado 2 Veces 
/user/login?destination=node%2F9639%23comment-form	 Solicitado 2 Veces 
/user/login?destination=node%2F9661%23comment-form	 Solicitado 2 Veces 
/vida-estudiantil/tramites-estudiantiles/tramites-del-plan-de-estudio-que-finaliza-en-el-2021/traslado-y-equivalencias	 Solicitado 2 Veces 
/vida-estudiantil/tr%C3%A1mites-estudiantiles/becas/circulares-de-la-oficina-de-becas-y-ayuda	 Solicitado 2 Veces 
/asistencias	 Solicitado 3 Veces 
/cursos/ci-0116	 Solicitado 3 Veces 
/cursos/ci-0121	 Solicitado 3 Veces 
/cursos/ci-0143	 Solicitado 3 Veces 
/cursos/ci-0149	 Solicitado 3 Veces 
/cursos/ci-0152	 Solicitado 3 Veces 
/cursos/ci-0158	 Solicitado 3 Veces 
/defensa_TGG	 Solicitado 3 Veces 
/evento/graduaci%C3%B3n-extraordinaria-en-diciembre	 Solicitado 3 Veces 
/evento/matr%C3%ADcula-examen-de-diagn%C3%B3stico-de-ingl%C3%A9s-lm1030-primer-ingreso	 Solicitado 3 Veces 
/feria_vocacional	 Solicitado 3 Veces 
/graduacion_extraordinaria	 Solicitado 3 Veces 
/graduacion_ordinaria	 Solicitado 3 Veces 
/node/260	 Solicitado 3 Veces 
/node/345	 Solicitado 3 Veces 
/node/383	 Solicitado 3 Veces 
/node/386	 Solicitado 3 Veces 
/node/409	 Solicitado 3 Veces 
/node/503	 Solicitado 3 Veces 
/node/508	 Solicitado 3 Veces 
/node/592	 Solicitado 3 Veces 
/noticia/actividad-enjambres-rob%C3%B3ticos	 Solicitado 3 Veces 
/noticia/charla-application-specific-integrated-circuit-networking-interaction-between-hardware-and	 Solicitado 3 Veces 
/noticia/cuadro-de-convalidaciones-del-plan-420703-al-420705	 Solicitado 3 Veces 
/noticia/ii-coloquio-costarricense-de-procesamiento-de-lenguaje-natural	 Solicitado 3 Veces 
/noticia/ii-seminario-de-actualizaci%C3%B3n-profesional	 Solicitado 3 Veces 
/noticia/interrupci%C3%B3n-parcial-de-estudios	 Solicitado 3 Veces 
/noticia/invitaci%C3%B3n-la-feria-de-%C3%A9nfasis-ecci	 Solicitado 3 Veces 
/noticia/oracle-academy-virtual-student-day	 Solicitado 3 Veces 
/noticias?page=6	 Solicitado 3 Veces 
/plan_bachillerato_2017_presente	 Solicitado 3 Veces 
/pregrado_graduacion	 Solicitado 3 Veces 
/preguntas_frecuentes	 Solicitado 3 Veces 
/quienes-somos/infraestructura/ubicacion	 Solicitado 3 Veces 
/sites/all/libraries/dompdf/dompdf.php?base_path=%2f&input_file=http%3a%2f%2fdev.pictbland.net%2fimages%2f2.txt	 Solicitado 3 Veces 
/sites/default/files/avatars/ecci_machote_para_solicitar_matricula_por_tutoria.pdf	 Solicitado 3 Veces 
/sites/default/files/avatars/oracle_academy_cloud_webcast_qr.pdf	 Solicitado 3 Veces 
/sites/default/files/css/css_nRfpSLlBzWfJEOBwYcaYwmMtRvVr17o6v_jbqic3O2Y.css	 Solicitado 3 Veces 
/sites/default/files/css/css_-_xVcorq4dApE5u5-2utRiN3cmfOFP3C8exnHSia2xk.css	 Solicitado 3 Veces 
/sites/default/files/horarios_definitivos_ecci_i_ciclo_2020_mzc_mcv.pdf	 Solicitado 3 Veces 
/sites/default/files/perfil_de_salida_enfasis_ciencias_de_la_computacion_0.jpg	 Solicitado 3 Veces 
/sites/default/files/Traslado%20al%20nuevo%20plan%20periodo%20de%20reingreso%20ORI.jpg	 Solicitado 3 Veces 
/vida-estudiantil/estudiar-en-la-ecci/escogencia-de-enfasis/enfasis-en-ingenieria-de-tecnologias-de-la-informacion	 Solicitado 3 Veces 
/vida_estudiantil	 Solicitado 3 Veces 
/adecuacion	 Solicitado 4 Veces 
/%C2%BFqui%C3%A9nes-somos/historia	 Solicitado 4 Veces 
/condicionespecial	 Solicitado 4 Veces 
/curso/ci-1010	 Solicitado 4 Veces 
/cursos/ci-0120	 Solicitado 4 Veces 
/cursos/ci-0135	 Solicitado 4 Veces 
/cursos/ci-0136	 Solicitado 4 Veces 
/cursos/ci-0151	 Solicitado 4 Veces 
/evento/examen-de-diagn%C3%B3stico-de-ingl%C3%A9s-lm1030-primer-ingreso	 Solicitado 4 Veces 
/ingreso_carrera	 Solicitado 4 Veces 
/matricula	 Solicitado 4 Veces 
/mensaje_bienvenida	 Solicitado 4 Veces 
/node/311	 Solicitado 4 Veces 
/node/371	 Solicitado 4 Veces 
/node/500	 Solicitado 4 Veces 
/noticia/adopte-un-curso-i-ciclo-2020	 Solicitado 4 Veces 
/noticia/charla-l%C3%ADneas-de-investigaci%C3%B3n-y-colaboraci%C3%B3n-en-bpm-con-el-grupo-coal-del-instituto-de	 Solicitado 4 Veces 
/noticia/estudiantes-avanzados-de-licenciatura	 Solicitado 4 Veces 
/noticia/inicio-de-clases-y-horarios-provisionales-ii-ciclo-2018	 Solicitado 4 Veces 
/noticias?page=11	 Solicitado 4 Veces 
/quehacer-docente/directorio-de-docentes-ecci	 Solicitado 4 Veces 
/sites/default/files/apply_write_now.png	 Solicitado 4 Veces 
/sites/default/files/noticias/Correo%20y%20usuario%20laboratorio%20ECCI%2C%20WEB.jpg	 Solicitado 4 Veces 
/vida-estudiantil/estudiar-en-la-ecci/escogencia-de-enfasis/enfasis-en-ciencias-de-la-computacion	 Solicitado 4 Veces 
/vida-estudiantil/estudiar-en-la-ecci/escogencia-de-enfasis/enfasis-en-ingenieria-de-software	 Solicitado 4 Veces 
/vida-estudiantil/estudiar-en-la-ecci/escogencia-de-enfasis/solicitud-de-ingreso-al-enfasis	 Solicitado 4 Veces 
/cursos/ci-0117	 Solicitado 5 Veces 
/cursos/ci-0130	 Solicitado 5 Veces 
/cursos/ci-0133	 Solicitado 5 Veces 
/cursos/ci-0145	 Solicitado 5 Veces 
/cursos/ci-0155	 Solicitado 5 Veces 
/node/227	 Solicitado 5 Veces 
/node/540	 Solicitado 5 Veces 
/noticia/graduaci%C3%B3n-ordinaria-de-abril-2020	 Solicitado 5 Veces 
/noticia/reingreso-o-activaci%C3%B3n-la-carrera	 Solicitado 5 Veces 
/pregrado_habilidades	 Solicitado 5 Veces 
/sites/default/files/js/js_ZVSY4vn6I_j_dxD7WHp34TVRTx2Kz4kVmul-_HE3SKw.js	 Solicitado 5 Veces 
/sites/default/files/objetivos-intro.png	 Solicitado 5 Veces 
/sobre_la_ECCI	 Solicitado 5 Veces 
/cursos/ci-0114	 Solicitado 6 Veces 
/cursos/ci-0118	 Solicitado 6 Veces 
/cursos/ci-0129	 Solicitado 6 Veces 
/cursos/ci-0140	 Solicitado 6 Veces 
/cursos/ci-0142	 Solicitado 6 Veces 
/cursos/ci-0153	 Solicitado 6 Veces 
/node/342	 Solicitado 6 Veces 
/tcu	 Solicitado 6 Veces 
/%C2%BFqui%C3%A9nes-somos/misi%C3%B3n-y-visi%C3%B3n	 Solicitado 7 Veces 
/cursos/ci-0110	 Solicitado 7 Veces 
/cursos/ci-0112	 Solicitado 7 Veces 
/cursos/ci-0123	 Solicitado 7 Veces 
/cursos/ci-0115	 Solicitado 8 Veces 
/noticia/contrase%C3%B1a-para-ingreso-la-plataforma-educativa-de-la-ecci	 Solicitado 8 Veces 
/noticia/inclusiones-por-carta-solo-casos-especiales-del-art%C3%ADculo-25-de-las-normas-y-procedimientos	 Solicitado 8 Veces 
/plan_bachillerato_2008_2016	 Solicitado 8 Veces 
/cursos/ci-0111	 Solicitado 9 Veces 
/sites/default/files/css/css_oDzdVbO2LUNan55L0T7X9Ae65l56qRg0T-7fMtBuzWE.css	 Solicitado 9 Veces 
/noticias?page=1	 Solicitado 10 Veces 
/?author=1	 Solicitado 11 Veces 
/sites/all/modules/revslider/rs-plugin/font/revicons.woff?5510888	 Solicitado 11 Veces 
/%C2%BFqui%C3%A9nes-somos/	 Solicitado 12 Veces 
/sites/default/files/default_images/logo_sinaes.jpg	 Solicitado 14 Veces 
/sites/all/modules/revslider/rs-plugin/assets/timer.png	 Solicitado 15 Veces 
/oferta-academica/bachillerato-en-computacion-con-varios-enfasis	 Solicitado 16 Veces 
/sites/default/files/css/css_6PCOB299cmdwkyDpVYJMtoiGHXRTRlgJikjw3PQotkI.css	 Solicitado 16 Veces 
/sites/default/files/js/js_lDZpylD7FXFIc71dROhQLMHOUVEeiFmiwehQD753Zkk.js	 Solicitado 16 Veces 
/vida-estudiantil/estudiar-en-la-ecci/escogencia-de-enfasis	 Solicitado 17 Veces 
/sites/all/modules/revslider/images/transparent.png	 Solicitado 23 Veces 
/sites/all/themes/ecci_bootstrap/img/parallax-effect.jpg	 Solicitado 23 Veces 
/sites/default/files/js/js_gM55tQYoEuMDpece7_XrXYJxgCi6Z_9pxU73hn2vE6o.js	 Solicitado 23 Veces 
/sites/default/files/js/js_J_ltvYWG9fcndPeg3TZWQMU7Kb5yEBYqUAbr1mi5jMI.js	 Solicitado 23 Veces 
/sites/default/files/matilde.jpg	 Solicitado 23 Veces 
/sites/default/files/slide-title-border-line_0.png	 Solicitado 23 Veces 
/sites/default/files/styles/noticia_en_carrusel/public/noticias/90735695_2903284963043352_1862018625196523520_n.png?itok=FU4yK02d	 Solicitado 23 Veces 
/sites/default/files/styles/noticia_en_carrusel/public/noticias/90736587_2896264953745353_2747569056893632512_o.jpg?itok=viRgrHq6	 Solicitado 23 Veces 
/sites/default/files/styles/noticia_en_lista/public/noticias/resultados_2da_ronda_0.png?itok=yJC6viDC	 Solicitado 23 Veces 
/sites/default/files/laboratorio.jpg	 Solicitado 24 Veces 
/sites/default/files/oficinas_edificio_nuevo_0.png	 Solicitado 24 Veces 
/sites/default/files/slide-title-border-line_1.png	 Solicitado 24 Veces 
/sites/default/files/styles/noticia_en_carrusel/public/noticias/contrasena_plataforma_educativa_i2020.png?itok=1eu51ont	 Solicitado 24 Veces 
/sites/default/files/styles/noticia_en_lista/public/noticias/horarios_i_ciclo_2019.png?itok=2-AaidoJ	 Solicitado 24 Veces 
/sites/default/files/css/css_eUlrbKtdu2BkccJr5I-uYSrD4hb0ZSwVOnWKLXrhuVg.css	 Solicitado 25 Veces 
/sites/default/files/css/css_srG7KKh6KOsNRsxXUT83yjqDDPmaKoepH1TEvpTTBro.css	 Solicitado 25 Veces 
/sites/default/files/horario_atencion_1.jpg	 Solicitado 25 Veces 
/sites/default/files/styles/noticia_en_lista/public/noticias/inclusiones_por_casos_especiales.png?itok=RWjgAL18	 Solicitado 25 Veces 
/sites/default/files/styles/noticia_en_lista/public/noticias/oracle_cloud.png?itok=n_-G9i-x	 Solicitado 26 Veces 
/sites/all/themes/ecci_bootstrap/img/apple-touch-icon.png	 Solicitado 28 Veces 
/sites/default/files/css/css_1JxR1TW4c4exGhyn8IY24fPbPL8aJmgJSR9IKgucke0.css	 Solicitado 28 Veces 
/sites/default/files/ecci-edificio-render.jpg	 Solicitado 28 Veces 
/sites/default/files/js/js_UXl67DRw0fT9wwKtHaYCTWxzCKfgzRPfIa3g5lF4XRQ.js	 Solicitado 31 Veces 
/user/register	 Solicitado 34 Veces 
/sites/default/files/css/css_rU4cY-EKjNohztqDDfqR1NEOidsjEwQg21WRRfuRAR0.css	 Solicitado 46 Veces 
/sites/default/files/js/js_bPQ0JM3MDfVgYLuWuC5SFO5VBPelk2va82N3xwnd4tE.js	 Solicitado 47 Veces 
/sites/all/themes/ecci_bootstrap/vendor/bootstrap/fonts/glyphicons-halflings-regular.woff2	 Solicitado 61 Veces 
/sites/all/themes/ecci_bootstrap/favicon.ico	 Solicitado 79 Veces 
/user	 Solicitado 80 Veces 
/favicon.ico	 Solicitado 84 Veces 
/sites/all/themes/ecci_bootstrap/img/blog/header-image-ecci.jpg	 Solicitado 86 Veces 
/robots.txt	 Solicitado 87 Veces 
/sites/all/themes/ecci_bootstrap/vendor/font-awesome/fonts/fontawesome-webfont.woff2?v=4.6.3	 Solicitado 87 Veces 
/sites/default/files/js/js_BLxotNs2yt7YGlf9QRI9L9AMfdnkQfnN-_ADBTW3SiE.js	 Solicitado 87 Veces 
/sites/default/files/css/css_lQaZfjVpwP_oGNqdtWCSpJT1EMqXdMiU84ekLLxQnc4.css	 Solicitado 91 Veces 
/sites/default/files/js/js_MRdvkC2u4oGsp5wVxBG1pGV5NrCPW3mssHxIn6G9tGE.js	 Solicitado 91 Veces 
/sites/default/files/js/js_OLgr-593LYCzF1vZ05PpqLNjLgPEsdxeuLPiASPOib8.js	 Solicitado 92 Veces 
/sites/default/files/u8/logo_UCR.png	 Solicitado 92 Veces 
/sites/default/files/u8/SINAES-carrera-acreditada.png	 Solicitado 92 Veces 
/sites/all/themes/ecci_bootstrap/vendor/modernizr/modernizr.min.js	 Solicitado 94 Veces 
/sites/default/files/css/css_dG6DINBIx-T_jW5tghO6edhPnxtp0QDOmuCZoO2TbAs.css	 Solicitado 94 Veces 
/sites/all/themes/ecci_bootstrap/img/logos/logo-ecci-vertical-blanco.png	 Solicitado 95 Veces 
/sites/all/themes/ecci_bootstrap/vendor/bootstrap/js/bootstrap.min.js	 Solicitado 95 Veces 
/sites/default/files/js/js_dWhBODswdXXk1M5Z5nyqNfGljmqwxUwAK9i6D0YSDNs.js	 Solicitado 95 Veces 
/sites/all/themes/ecci_bootstrap/img/logos/firma-horizontal-una-linea-blanco.png	 Solicitado 97 Veces 
/sites/default/files/js/js_bAO3FArQfzee12WgPR11lnOoquMZAwwi9F7o-LVlB7c.js	 Solicitado 97 Veces 
/sites/default/files/css/css_o8RLNJY2Ri4MpgSsFAMvGS-paIpxORcpxYHgskl2lIs.css	 Solicitado 98 Veces 
/sites/all/themes/ecci_bootstrap/vendor/bootstrap/css/bootstrap.min.css	 Solicitado 100 Veces 
/noticia/	 Solicitado 112 Veces 
/noticias	 Solicitado 202 Veces 
/	 Solicitado 3376 Veces 
