    100 /sites/all/themes/ecci_bootstrap/vendor/bootstrap/css/bootstrap.min.css
     98 /sites/default/files/css/css_o8RLNJY2Ri4MpgSsFAMvGS-paIpxORcpxYHgskl2lIs.css
     97 /sites/default/files/js/js_bAO3FArQfzee12WgPR11lnOoquMZAwwi9F7o-LVlB7c.js
     97 /sites/all/themes/ecci_bootstrap/img/logos/firma-horizontal-una-linea-blanco.png
     95 /sites/default/files/js/js_dWhBODswdXXk1M5Z5nyqNfGljmqwxUwAK9i6D0YSDNs.js
     95 /sites/all/themes/ecci_bootstrap/vendor/bootstrap/js/bootstrap.min.js
     95 /sites/all/themes/ecci_bootstrap/img/logos/logo-ecci-vertical-blanco.png
     94 /sites/default/files/css/css_dG6DINBIx-T_jW5tghO6edhPnxtp0QDOmuCZoO2TbAs.css
     94 /sites/all/themes/ecci_bootstrap/vendor/modernizr/modernizr.min.js
     92 /sites/default/files/u8/SINAES-carrera-acreditada.png
     92 /sites/default/files/u8/logo_UCR.png
     92 /sites/default/files/js/js_OLgr-593LYCzF1vZ05PpqLNjLgPEsdxeuLPiASPOib8.js
     91 /sites/default/files/js/js_MRdvkC2u4oGsp5wVxBG1pGV5NrCPW3mssHxIn6G9tGE.js
     91 /sites/default/files/css/css_lQaZfjVpwP_oGNqdtWCSpJT1EMqXdMiU84ekLLxQnc4.css
     87 /sites/default/files/js/js_BLxotNs2yt7YGlf9QRI9L9AMfdnkQfnN-_ADBTW3SiE.js
     87 /sites/all/themes/ecci_bootstrap/vendor/font-awesome/fonts/fontawesome-webfont.woff2?v=4.6.3
     87 /robots.txt
     86 /sites/all/themes/ecci_bootstrap/img/blog/header-image-ecci.jpg
     79 /sites/all/themes/ecci_bootstrap/favicon.ico
     61 /sites/all/themes/ecci_bootstrap/vendor/bootstrap/fonts/glyphicons-halflings-regular.woff2
     47 /sites/default/files/js/js_bPQ0JM3MDfVgYLuWuC5SFO5VBPelk2va82N3xwnd4tE.js
     46 /sites/default/files/css/css_rU4cY-EKjNohztqDDfqR1NEOidsjEwQg21WRRfuRAR0.css
     45 /
     31 /sites/default/files/js/js_UXl67DRw0fT9wwKtHaYCTWxzCKfgzRPfIa3g5lF4XRQ.js
     28 /sites/default/files/ecci-edificio-render.jpg
     28 /sites/default/files/css/css_1JxR1TW4c4exGhyn8IY24fPbPL8aJmgJSR9IKgucke0.css
     28 /sites/all/themes/ecci_bootstrap/img/apple-touch-icon.png
     26 /sites/default/files/styles/noticia_en_lista/public/noticias/oracle_cloud.png?itok=n_-G9i-x
     25 /sites/default/files/styles/noticia_en_lista/public/noticias/inclusiones_por_casos_especiales.png?itok=RWjgAL18
     25 /sites/default/files/horario_atencion_1.jpg
     25 /sites/default/files/css/css_srG7KKh6KOsNRsxXUT83yjqDDPmaKoepH1TEvpTTBro.css
     25 /sites/default/files/css/css_eUlrbKtdu2BkccJr5I-uYSrD4hb0ZSwVOnWKLXrhuVg.css
     24 /sites/default/files/styles/noticia_en_lista/public/noticias/horarios_i_ciclo_2019.png?itok=2-AaidoJ
     24 /sites/default/files/styles/noticia_en_carrusel/public/noticias/contrasena_plataforma_educativa_i2020.png?itok=1eu51ont
     24 /sites/default/files/slide-title-border-line_1.png
     24 /sites/default/files/oficinas_edificio_nuevo_0.png
     24 /sites/default/files/laboratorio.jpg
     23 /sites/default/files/styles/noticia_en_lista/public/noticias/resultados_2da_ronda_0.png?itok=yJC6viDC
     23 /sites/default/files/styles/noticia_en_carrusel/public/noticias/90736587_2896264953745353_2747569056893632512_o.jpg?itok=viRgrHq6
     23 /sites/default/files/styles/noticia_en_carrusel/public/noticias/90735695_2903284963043352_1862018625196523520_n.png?itok=FU4yK02d
     23 /sites/default/files/slide-title-border-line_0.png
     23 /sites/default/files/matilde.jpg
     23 /sites/default/files/js/js_J_ltvYWG9fcndPeg3TZWQMU7Kb5yEBYqUAbr1mi5jMI.js
     23 /sites/default/files/js/js_gM55tQYoEuMDpece7_XrXYJxgCi6Z_9pxU73hn2vE6o.js
     23 /sites/all/themes/ecci_bootstrap/img/parallax-effect.jpg
     23 /sites/all/modules/revslider/images/transparent.png
     16 /sites/default/files/js/js_lDZpylD7FXFIc71dROhQLMHOUVEeiFmiwehQD753Zkk.js
     16 /sites/default/files/css/css_6PCOB299cmdwkyDpVYJMtoiGHXRTRlgJikjw3PQotkI.css
     16 /oferta-academica/bachillerato-en-computacion-con-varios-enfasis
     15 /sites/all/modules/revslider/rs-plugin/assets/timer.png
     14 /sites/default/files/default_images/logo_sinaes.jpg
     11 /sites/all/modules/revslider/rs-plugin/font/revicons.woff?5510888
      9 /sites/default/files/css/css_oDzdVbO2LUNan55L0T7X9Ae65l56qRg0T-7fMtBuzWE.css
      9 /cursos/ci-0111
      8 /plan_bachillerato_2008_2016
      8 /noticia/inclusiones-por-carta-solo-casos-especiales-del-art%C3%ADculo-25-de-las-normas-y-procedimientos
      8 /noticia/contrase%C3%B1a-para-ingreso-la-plataforma-educativa-de-la-ecci
      8 /cursos/ci-0115
      7 /cursos/ci-0123
      7 /cursos/ci-0112
      7 /cursos/ci-0110
      7 /%C2%BFqui%C3%A9nes-somos/misi%C3%B3n-y-visi%C3%B3n
      6 /tcu
      6 /node/342
      6 /cursos/ci-0153
      6 /cursos/ci-0142
      6 /cursos/ci-0140
      6 /cursos/ci-0129
      6 /cursos/ci-0118
      6 /cursos/ci-0114
      5 /user
      5 /sobre_la_ECCI
      5 /sites/default/files/objetivos-intro.png
      5 /sites/default/files/js/js_ZVSY4vn6I_j_dxD7WHp34TVRTx2Kz4kVmul-_HE3SKw.js
      5 /pregrado_habilidades
      5 /noticia/reingreso-o-activaci%C3%B3n-la-carrera
      5 /noticia/graduaci%C3%B3n-ordinaria-de-abril-2020
      5 /node/540
      5 /node/227
      5 /favicon.ico
      5 /cursos/ci-0155
      5 /cursos/ci-0145
      5 /cursos/ci-0133
      5 /cursos/ci-0130
      5 /cursos/ci-0117
      4 /vida-estudiantil/estudiar-en-la-ecci/escogencia-de-enfasis/solicitud-de-ingreso-al-enfasis
      4 /vida-estudiantil/estudiar-en-la-ecci/escogencia-de-enfasis/enfasis-en-ingenieria-de-software
      4 /vida-estudiantil/estudiar-en-la-ecci/escogencia-de-enfasis/enfasis-en-ciencias-de-la-computacion
      4 /sites/default/files/noticias/Correo%20y%20usuario%20laboratorio%20ECCI%2C%20WEB.jpg
      4 /sites/default/files/apply_write_now.png
      4 /quehacer-docente/directorio-de-docentes-ecci
      4 /noticias?page=11
      4 /noticias?page=1
      4 /noticia/inicio-de-clases-y-horarios-provisionales-ii-ciclo-2018
      4 /noticia/estudiantes-avanzados-de-licenciatura
      4 /noticia/charla-l%C3%ADneas-de-investigaci%C3%B3n-y-colaboraci%C3%B3n-en-bpm-con-el-grupo-coal-del-instituto-de
      4 /noticia/adopte-un-curso-i-ciclo-2020
      4 /noticia/
      4 /node/500
      4 /node/371
      4 /node/311
      4 /mensaje_bienvenida
      4 /ingreso_carrera
      4 /evento/examen-de-diagn%C3%B3stico-de-ingl%C3%A9s-lm1030-primer-ingreso
      4 /cursos/ci-0151
      4 /cursos/ci-0136
      4 /cursos/ci-0135
      4 /cursos/ci-0120
      4 /curso/ci-1010
      4 /condicionespecial
      4 /%C2%BFqui%C3%A9nes-somos/historia
      4 /adecuacion
      3 /vida-estudiantil/estudiar-en-la-ecci/escogencia-de-enfasis/enfasis-en-ingenieria-de-tecnologias-de-la-informacion
      3 /vida_estudiantil
      3 /sites/default/files/Traslado%20al%20nuevo%20plan%20periodo%20de%20reingreso%20ORI.jpg
      3 /sites/default/files/perfil_de_salida_enfasis_ciencias_de_la_computacion_0.jpg
      3 /sites/default/files/horarios_definitivos_ecci_i_ciclo_2020_mzc_mcv.pdf
      3 /sites/default/files/css/css_-_xVcorq4dApE5u5-2utRiN3cmfOFP3C8exnHSia2xk.css
      3 /sites/default/files/css/css_nRfpSLlBzWfJEOBwYcaYwmMtRvVr17o6v_jbqic3O2Y.css
      3 /sites/default/files/avatars/oracle_academy_cloud_webcast_qr.pdf
      3 /sites/default/files/avatars/ecci_machote_para_solicitar_matricula_por_tutoria.pdf
      3 /sites/all/libraries/dompdf/dompdf.php?base_path=%2f&input_file=http%3a%2f%2fdev.pictbland.net%2fimages%2f2.txt
      3 /quienes-somos/infraestructura/ubicacion
      3 /preguntas_frecuentes
      3 /pregrado_graduacion
      3 /plan_bachillerato_2017_presente
      3 /noticias?page=6
      3 /noticia/oracle-academy-virtual-student-day
      3 /noticia/invitaci%C3%B3n-la-feria-de-%C3%A9nfasis-ecci
      3 /noticia/interrupci%C3%B3n-parcial-de-estudios
      3 /noticia/ii-seminario-de-actualizaci%C3%B3n-profesional
      3 /noticia/ii-coloquio-costarricense-de-procesamiento-de-lenguaje-natural
      3 /noticia/cuadro-de-convalidaciones-del-plan-420703-al-420705
      3 /noticia/charla-application-specific-integrated-circuit-networking-interaction-between-hardware-and
      3 /noticia/actividad-enjambres-rob%C3%B3ticos
      3 /node/592
      3 /node/508
      3 /node/503
      3 /node/409
      3 /node/386
      3 /node/383
      3 /node/345
      3 /node/260
      3 /matricula
      3 /graduacion_ordinaria
      3 /graduacion_extraordinaria
      3 /feria_vocacional
      3 /evento/matr%C3%ADcula-examen-de-diagn%C3%B3stico-de-ingl%C3%A9s-lm1030-primer-ingreso
      3 /evento/graduaci%C3%B3n-extraordinaria-en-diciembre
      3 /defensa_TGG
      3 /cursos/ci-0158
      3 /cursos/ci-0152
      3 /cursos/ci-0149
      3 /cursos/ci-0143
      3 /cursos/ci-0121
      3 /cursos/ci-0116
      3 /asistencias
      2 /vida-estudiantil/tr%C3%A1mites-estudiantiles/becas/circulares-de-la-oficina-de-becas-y-ayuda
      2 /vida-estudiantil/tramites-estudiantiles/tramites-del-plan-de-estudio-que-finaliza-en-el-2021/traslado-y-equivalencias
      2 /vida-estudiantil/estudiar-en-la-ecci/escogencia-de-enfasis
      2 /user/register
      2 /user/login?destination=node%2F9661%23comment-form
      2 /user/login?destination=node%2F9639%23comment-form
      2 /user/login?destination=node%2F612%23comment-form
      2 /user/login?destination=node%2F592%23comment-form
      2 /tr%C3%A1mites-estudiantiles/licenciatura-en-computaci%C3%B3n-e-inform%C3%A1tica-c%C3%B3digo-420703-y-420704
      2 /sites/default/files/js/js_opNybNfnJO8oxEaEA8-14FeDTUPbedWuxnZbDNbgQ2g.js
      2 /sites/default/files/enfasis_en_ingenieria_de_tecnologias_de_la_informacion_1.pdf
      2 /sites/default/files/css/css_CRDNsbbqSrCn8wHTKM98RrJMMxKs3pIX9UcC6D77ECU.css
      2 /sites/all/libraries/ckeditor/plugins/smiley/images/sad_smile.png
      2 /sitemap
      2 /quienes-somos/organizacion/comisiones-permanentes
      2 /quehacer-docente/directorio-administrativo
      2 /programa-de-curso/c%C3%A1lculo-para-computaci%C3%B3n-i
      2 /noticias?page=8
      2 /noticia/resultados-de-asistencias-2da-ronda
      2 /noticia/matr%C3%ADcula-de-verano-iii-ciclo-2019
      2 /noticia/ingreso-maestr%C3%ADa-y-doctorado
      2 /noticia/game-jam-cidev-unam
      2 /noticia/curso-de-pensamiento-computacional-para-estudiantes-de-colegio
      2 /noticia/curso-ci-0139-administraci%C3%B3n-de-proyectos
      2 /noticia/charla-propiedad-intelectual
      2 /noticia/charla-introductoria-sobre-hpe-rd
      2 /node/481
      2 /node/406
      2 /node/369
      2 /node/368
      2 /node/358
      2 /node/354
      2 /node/264
      2 /node/249
      2 /node/158
      2 /node/124
      2 /node/102?size=thumbnail
      2 /evento/fechas-importantes-de-matr%C3%ADcula
      2 /escuela/directorio-de-docentes-ecci
      2 /cursos/ci-0154
      2 /cursos/ci-0148
      2 /cursos/ci-0144
      2 /cursos/ci-0137
      2 /carrera-acreditada
      1 /wp-login.php
      1 /.well-known/assetlinks.json
      1 /vida-estudiantil/tr%C3%A1mites-estudiantiles/tr%C3%A1mites-del-plan-de-estudio-que-finaliza-en-el-2021/defensa
      1 /vida-estudiantil/estudiar-en-la-ecci/escogencia-de-%C3%A9nfasis
      1 /user/register?destination=node/9299%23comment-form
      1 /user/register?destination=node/659%23comment-form
      1 /user/register?destination=node/533%23comment-form
      1 /user/register?destination=node/396%23comment-form
      1 /user/register?destination=node%2F9699%23comment-form
      1 /user/register?destination=node%2F9677%23comment-form
      1 /user/register?destination=node%2F9621%23comment-form
      1 /user/register?destination=node%2F9602%23comment-form
      1 /user/register?destination=node%2F9596%23comment-form
      1 /user/register?destination=node%2F9578%23comment-form
      1 /user/register?destination=node%2F9572%23comment-form
      1 /user/register?destination=node%2F9563%23comment-form
      1 /user/register?destination=node%2F9543%23comment-form
      1 /user/register?destination=node%2F9530%23comment-form
      1 /user/register?destination=node%2F9529%23comment-form
      1 /user/register?destination=node%2F9522%23comment-form
      1 /user/register?destination=node%2F9425%23comment-form
      1 /user/register?destination=node%2F9408%23comment-form
      1 /user/register?destination=node%2F9359%23comment-form
      1 /user/register?destination=node%2F9325%23comment-form
      1 /user/register?destination=node%2F9299%23comment-form
      1 /user/register?destination=node%2F788%23comment-form
      1 /user/register?destination=node%2F769%23comment-form
      1 /user/register?destination=node%2F758%23comment-form
      1 /user/register?destination=node%2F753%23comment-form
      1 /user/register?destination=node%2F698%23comment-form
      1 /user/register?destination=node%2F655%23comment-form
      1 /user/register?destination=node%2F649%23comment-form
      1 /user/register?destination=node%2F540%23comment-form
      1 /user/register?destination=node%2F227%23comment-form
      1 /user/register?destination=node%2F161%23comment-form
      1 /user/register?destination=node%2F158%23comment-form
      1 /user-oferente
      1 /user/login?destination=node/9307%23comment-form
      1 /user/login?destination=node/412%23comment-form
      1 /user/login?destination=node/368%23comment-form
      1 /user/login?destination=node/335%23comment-form
      1 /user/login?destination=node%2F9695%23comment-form
      1 /user/login?destination=node%2F9692%23comment-form
      1 /user/login?destination=node%2F9653%23comment-form
      1 /user/login?destination=node%2F9636%23comment-form
      1 /user/login?destination=node%2F9621%23comment-form
      1 /user/login?destination=node%2F9606%23comment-form
      1 /user/login?destination=node%2F9578%23comment-form
      1 /user/login?destination=node%2F9566%23comment-form
      1 /user/login?destination=node%2F9543%23comment-form
      1 /user/login?destination=node%2F9432%23comment-form
      1 /user/login?destination=node%2F9425%23comment-form
      1 /user/login?destination=node%2F9325%23comment-form
      1 /user/login?destination=node%2F9241%23comment-form
      1 /user/login?destination=node%2F9240%23comment-form
      1 /user/login?destination=node%2F9215%23comment-form
      1 /user/login?destination=node%2F783%23comment-form
      1 /user/login?destination=node%2F769%23comment-form
      1 /user/login?destination=node%2F753%23comment-form
      1 /user/login?destination=node%2F729%23comment-form
      1 /user/login?destination=node%2F680%23comment-form
      1 /user/login?destination=node%2F659%23comment-form
      1 /user/login?destination=node%2F615%23comment-form
      1 /user/login?destination=node%2F533%23comment-form
      1 /user/login?destination=node%2F517%23comment-form
      1 /user/login?destination=node%2F393%23comment-form
      1 /user/login?destination=node%2F163%23comment-form
      1 /user/login?destination=node%2F159%23comment-form
      1 /user/login?destination=node/257%23comment-form
      1 /taxonomy/term/97
      1 /taxonomy/term/91/feed
      1 /sites/default/files/vive-5-2019.pdf
      1 /sites/default/files/version-4-mz-pag-ecci.pdf
      1 /sites/default/files/version_3_mz_pag_ecci.pdf
      1 /sites/default/files/tronco_comun.pdf
      1 /sites/default/files/traslado_extemporaneo_al_plan_420705_0.pdf
      1 /sites/default/files/Transitorio.jpg
      1 /sites/default/files/styles/noticia_en_lista/public/noticias/tfiasv2.jpg?itok=R-U_2dLd
      1 /sites/default/files/styles/noticia_en_lista/public/noticias/P1050408.JPG?itok=rl4eSSOR
      1 /sites/default/files/styles/noticia_en_lista/public/noticias/guia_de_orientacion_enfasis.png?itok=bgj9AGMz
      1 /sites/default/files/styles/noticia_en_lista/public/noticias/chicasecci_wie_campamento.jpg?itok=mVqp5552
      1 /sites/default/files/styles/noticia_en_lista/public/noticias/charla_ecci.jpg?itok=A9efhy3Q
      1 /sites/default/files/que_estudiamos_en_iti_0.pdf
      1 /sites/default/files/publicacion_horarios_v2_mz_30jul_2-2018_0.pdf
      1 /sites/default/files/Pruebas%20de%20software%20en%20el%20contexto%20de%20DevOps%20y%20%20%20%20%20%20Metodolog%C3%ADas%20de%20Desarrollo%20%C3%81gil_0.pdf
      1 /sites/default/files/presentacion_enfasis_iti.pdf
      1 /sites/default/files/plan_de_estudios_bachillerato_en_computacion_con_enfasis_0.pdf
      1 /sites/default/files/plan_de_estudios_bach._en_computacion_con_varios_enfasis_0.pdf
      1 /sites/default/files/perfil_de_salida_ingenieria_de_software.jpg
      1 /sites/default/files/oracle_academy_virtual_student_day.pdf
      1 /sites/default/files/obas-412-2019_0001.pdf
      1 /sites/default/files/noticias/tfg_curso_ms.png
      1 /sites/default/files/noticias/inclusiones_por_casos_especiales.png
      1 /sites/default/files/noticias/contrasena_plataforma_educativa_i2020.png
      1 /sites/default/files/noticias/concurso_estudiantil_para_curso_de_ciberseguridad_en_la_oea.png
      1 /sites/default/files/noticias/12.png
      1 /sites/default/files/ma-0294.pdf
      1 /sites/default/files/ma-0292.pdf
      1 /sites/default/files/ma-0291.pdf
      1 /sites/default/files/lista_de_graduados_ecci.pdf
      1 /sites/default/files/Lista%20de%20Graduandos.%20Juramentaci%C3%B3n%20Ordinaria.%20Abril%202018_1.pdf
      1 /sites/default/files/Licenciatura%2BComputaci%C3%B3n%2Be%2BInform%C3%A1tica%2By%2BElectivas.pdf
      1 /sites/default/files/js/js_xvYJgU6LChHqbcSh4y1AvdXfD5QBIwT3GVGVUeuksbM.js
      1 /sites/default/files/js/js_wvluAAdWbThy805f9cktPYb90KgvON0xRtZSeC_pIqE.js
      1 /sites/default/files/js/js_FbpwIZNwgzwEuuL4Q2HOM07BOSCY5LxL_gwSK4ohQBM.js
      1 /sites/default/files/jobs/agenda_de_actividades_de_los_enfasis_de_iti_y_cc_1.xlsx
      1 /sites/default/files/invitacion_feriacientifica_i2018.pdf
      1 /sites/default/files/invitacion_charla_dra._delgado.pdf
      1 /sites/default/files/horarios_provisionales_version_6_ecci_1-2019_mzc_mcv.pdf
      1 /sites/default/files/horarios_provisionales_verano_3-_2019_0.pdf
      1 /sites/default/files/horarios_provisionales_1-2020_mzc_version_3.pdf
      1 /sites/default/files/horarios_definitvos_pagina_web.pdf
      1 /sites/default/files/Horarios%20provisionales%20ECCI%201-2018%20V6%2008%20MARZO%20MZC.pdf
      1 /sites/default/files/formulario_de_solicitud_seeds_of_the_future_v_4.pdf
      1 /sites/default/files/formulario_de_convalidaciones_2018.pdf
      1 /sites/default/files/formulario_de_convalidaciones_2018_0.pdf
      1 /sites/default/files/enfasis_en_ciencias_de_la_computacion_1.pdf
      1 /sites/default/files/ecci.7z
      1 /sites/default/files/descripcioncursonosql.pdf
      1 /sites/default/files/css/css_HZIAp6duA_goAqaDlo6HCsXnqqg1qUOChTZiGpwp6lY.css
      1 /sites/default/files/css/css_ELmcO-SUfe-g-9gm4hue-YfSPtxQiKLRa1nUoQC94o4.css
      1 /sites/default/files/css/css_9HCpZ_6S6saMilWVIxlOfU8wZwDND0Y-snslH34la14.css
      1 /sites/default/files/brochure_contactos.pdf
      1 /sites/default/files/Bienvenidos%20a%20LA%20UCR%21v1.1.pdf
      1 /sites/default/files/banner_dima.png
      1 /sites/all/themes/ecci_bootstrap/vendor/font-awesome/fonts/fontawesome-webfont.woff?v=4.6.3
      1 /sites/all/themes/ecci_bootstrap/vendor/font-awesome/fonts/fontawesome-webfont.ttf?v=4.6.3
      1 /sites/all/themes/ecci_bootstrap/img/logos/logo_texto_universidad_de_Costa_Rica.png
      1 /sites/all/modules/jquery_update/replace/jquery/1.10/jquery.min.js
      1 /rss.xml
      1 /?ref=hexometer
      1 /quienes-somos/organizacion/coordinaciones-academicas
      1 /?q=admin/coffee/menu
      1 /programa-de-curso/%C3%A1lgebra-lineal-para-computaci%C3%B3n
      1 /pregrado_convenios
      1 /perfil-del-tronco-com%C3%BAn-los-%C3%A9nfasis
      1 /noticia/traslado-al-nuevo-plan-periodo-extraordinario-hasta-viernes-29-junio
      1 /noticias?page=9
      1 /noticias?page=7
      1 /noticias?page=4
      1 /noticias?page=2
      1 /noticias?page=12
      1 /noticias?page=10
      1 /noticia/segundo-conversatorio
      1 /noticia/segunda-ronda-de-asistencias
      1 /noticias
      1 /noticia/resultados-de-ingreso-al-%C3%A9nfasis-2019
      1 /noticia/reingreso-y-traslado-al-nuevo-plan-ii-ciclo-2019-3doble-carrera
      1 /noticia/proyecto-enjambres-de-robots-de-los-cursos-ci2400-y-ci2657
      1 /noticia/oportunidades-ecci-partieron-hacia-china-estudiantes-de-la-ecci-como-parte-del-programa
      1 /noticia/noticia-camtic-presentaci%C3%B3n-del-libro-de-la-prof-marta-calder%C3%B3n
      1 /noticia/mejores-promedios-2018
      1 /noticia/invitaci%C3%B3n-charla-0
      1 /noticia/invitaci%C3%B3n-al-panel-tecnolog%C3%ADa-e-innovacion
      1 /noticia/horario-temporal-de-recepci%C3%B3n-de-la-secretar%C3%ADa-de-la-ecci-y-de-consultas-generales-de-0
      1 /noticia/graduaci%C3%B3n-ordinaria-de-octubre-2018
      1 /noticia/feria-empleo
      1 /noticia/estudiante-josu%C3%A9-le%C3%B3n-sarkis
      1 /noticia/estudiante-ecci-seleccionado-para-colaborar-en-proyecto-en-ginebra-suiza
      1 /noticia/conversatorio-mujeres-innovadoras-abriendo-puertas-e-impulsando-el-desarrollo-tecnol%C3%B3gico-en
      1 /noticia/charla-seguridad-inform%C3%A1tica-un-trabajo-de-todos-de-la-industria
      1 /noticia/charla-%E2%80%9Ctoolbox-de-un-game-devolper%E2%80%9D
      1 /noticia/charla-dependency-injection
      1 /noticia/charla-de-bienvenida-estudiantes-de-traslado-2019
      1 /noticia/capacitaci%C3%B3n-en-seguridad-digital-de-la-oea-en-la-ecci
      1 /noticia/campa%C3%B1a-ucr-libre-de-pl%C3%A1stico
      1 /noticia/atenci%C3%B3n-estudiantes-de-primer-ingreso-ecci-carrera-bach-en-computaci%C3%B3n-con-varios-%C3%A9nfasis
      1 /noticia/actualizaci%C3%B3n-de-beca-socioecon%C3%B3mica-estudiantes-ecci-2019
      1 /noticia/actividades-e-informaci%C3%B3n-sobre-el-%C3%A9nfasis-de-ciencias-de-la-computaci%C3%B3n
      1 /node?page=6
      1 /node?page=3
      1 /node/619
      1 /node/612
      1 /node/554
      1 /node/552
      1 /node/533
      1 /node/439
      1 /node/416
      1 /node/400
      1 /node/393
      1 /node/389
      1 /node/365
      1 /node/362
      1 /node/355
      1 /node/352
      1 /node/349
      1 /node/344
      1 /node/337
      1 /node/335
      1 /node/321
      1 /node/295
      1 /node/278
      1 /node/255
      1 /node/244
      1 /node/237
      1 /node/214
      1 /node/159
      1 /matricula-tcu
      1 /graduacion_licenciatura
      1 /evento/sesi%C3%B3n-de-orientaci%C3%B3n-para-escoger-%C3%A9nfasis-ii-2019
      1 /evento/matr%C3%ADcula-ii-ciclo-2019
      1 /evento/examen-de-diagn%C3%B3stico-de-matem%C3%A1tica
      1 /evento/costa-rica-hpc-school-2020
      1 /evento/agenda-charlas-industria-semana-universitaria
      1 /cursos/servicio
      1 /cursos/ci-0160
      1 /cursos/ci-0157
      1 /cursos/ci-0147
      1 /cursos/ci-0146
      1 /cursos/ci-0141
      1 /cursos/ci-0139
      1 /cursos/ci-0131
      1 /cursos/ci-0126
      1 /cursos/ci-0125
      1 /cursos/ci-0122
      1 /cursos/ci-0119
      1 /cursos/ci-0113
      1 /curso/ci-1101
      1 /%C2%BFqui%C3%A9nes-somos/
      1 /?author=9
      1 /?author=8
      1 /?author=7
      1 /?author=6
      1 /?author=5
      1 /?author=4
      1 /?author=3
      1 /?author=20
      1 /?author=2
      1 /?author=19
      1 /?author=18
      1 /?author=17
      1 /?author=16
      1 /?author=15
      1 /?author=14
      1 /?author=13
      1 /?author=12
      1 /?author=11
      1 /?author=10
      1 /?author=1
      1 /ads.txt
